# JRE version: OpenJDK Runtime Environment (17.0.10) (build 17.0.10+0--11572160)
# Java VM: OpenJDK 64-Bit Server VM (17.0.10+0--11572160, mixed mode, tiered, compressed oops, compressed class ptrs, g1 gc, windows-amd64)
GC Precious Log:
 CPUs: 8 total, 8 available
 Memory: 24428M
 Large Page Support: Disabled
 NUMA Support: Disabled
 Compressed Oops: Enabled (32-bit)
 Heap Region Size: 1M
 Heap Min Capacity: 8M
 Heap Initial Capacity: 382M
 Heap Max Capacity: 2G
 Pre-touch: Disabled
 Parallel Workers: 8
 Concurrent Workers: 2
 Concurrent Refinement Workers: 8
 Periodic GC: Disabled
Heap:
 garbage-first heap   total 290816K, used 180286K [0x0000000080000000, 0x0000000100000000)
  region size 1024K, 4 young (4096K), 2 survivors (2048K)
 Metaspace       used 129337K, committed 130368K, reserved 1179648K
  class space    used 18370K, committed 18880K, reserved 1048576K
GC Heap History (20 events):
Event: 17.210 GC heap before
{Heap before GC invocations=26 (full 0):
 garbage-first heap   total 241664K, used 194226K [0x0000000080000000, 0x0000000100000000)
  region size 1024K, 91 young (93184K), 2 survivors (2048K)
 Metaspace       used 101045K, committed 101824K, reserved 1179648K
  class space    used 14175K, committed 14592K, reserved 1048576K
}
Event: 17.215 GC heap after
{Heap after GC invocations=27 (full 0):
 garbage-first heap   total 241664K, used 107873K [0x0000000080000000, 0x0000000100000000)
  region size 1024K, 6 young (6144K), 6 survivors (6144K)
 Metaspace       used 101045K, committed 101824K, reserved 1179648K
  class space    used 14175K, committed 14592K, reserved 1048576K
}
Event: 18.453 GC heap before
{Heap before GC invocations=28 (full 0):
 garbage-first heap   total 241664K, used 193889K [0x0000000080000000, 0x0000000100000000)
  region size 1024K, 92 young (94208K), 6 survivors (6144K)
 Metaspace       used 104269K, committed 105024K, reserved 1179648K
  class space    used 14593K, committed 14976K, reserved 1048576K
}
Event: 18.469 GC heap after
{Heap after GC invocations=29 (full 0):
 garbage-first heap   total 241664K, used 111886K [0x0000000080000000, 0x0000000100000000)
  region size 1024K, 11 young (11264K), 11 survivors (11264K)
 Metaspace       used 104269K, committed 105024K, reserved 1179648K
  class space    used 14593K, committed 14976K, reserved 1048576K
}
Event: 18.474 GC heap before
{Heap before GC invocations=29 (full 0):
 garbage-first heap   total 241664K, used 111886K [0x0000000080000000, 0x0000000100000000)
  region size 1024K, 12 young (12288K), 11 survivors (11264K)
 Metaspace       used 104278K, committed 105024K, reserved 1179648K
  class space    used 14595K, committed 14976K, reserved 1048576K
}
Event: 18.483 GC heap after
{Heap after GC invocations=30 (full 0):
 garbage-first heap   total 241664K, used 111171K [0x0000000080000000, 0x0000000100000000)
  region size 1024K, 2 young (2048K), 2 survivors (2048K)
 Metaspace       used 104278K, committed 105024K, reserved 1179648K
  class space    used 14595K, committed 14976K, reserved 1048576K
}
Event: 20.072 GC heap before
{Heap before GC invocations=30 (full 0):
 garbage-first heap   total 241664K, used 195139K [0x0000000080000000, 0x0000000100000000)
  region size 1024K, 85 young (87040K), 2 survivors (2048K)
 Metaspace       used 105927K, committed 106816K, reserved 1179648K
  class space    used 14853K, committed 15296K, reserved 1048576K
}
Event: 20.078 GC heap after
{Heap after GC invocations=31 (full 0):
 garbage-first heap   total 290816K, used 114367K [0x0000000080000000, 0x0000000100000000)
  region size 1024K, 5 young (5120K), 5 survivors (5120K)
 Metaspace       used 105927K, committed 106816K, reserved 1179648K
  class space    used 14853K, committed 15296K, reserved 1048576K
}
Event: 29.572 GC heap before
{Heap before GC invocations=32 (full 0):
 garbage-first heap   total 290816K, used 241343K [0x0000000080000000, 0x0000000100000000)
  region size 1024K, 125 young (128000K), 5 survivors (5120K)
 Metaspace       used 119126K, committed 120000K, reserved 1179648K
  class space    used 16916K, committed 17344K, reserved 1048576K
}
Event: 29.582 GC heap after
{Heap after GC invocations=33 (full 0):
 garbage-first heap   total 290816K, used 118604K [0x0000000080000000, 0x0000000100000000)
  region size 1024K, 9 young (9216K), 9 survivors (9216K)
 Metaspace       used 119126K, committed 120000K, reserved 1179648K
  class space    used 16916K, committed 17344K, reserved 1048576K
}
Event: 29.639 GC heap before
{Heap before GC invocations=33 (full 0):
 garbage-first heap   total 290816K, used 122700K [0x0000000080000000, 0x0000000100000000)
  region size 1024K, 14 young (14336K), 9 survivors (9216K)
 Metaspace       used 119846K, committed 120704K, reserved 1179648K
  class space    used 17029K, committed 17472K, reserved 1048576K
}
Event: 29.650 GC heap after
{Heap after GC invocations=34 (full 0):
 garbage-first heap   total 290816K, used 118331K [0x0000000080000000, 0x0000000100000000)
  region size 1024K, 2 young (2048K), 2 survivors (2048K)
 Metaspace       used 119846K, committed 120704K, reserved 1179648K
  class space    used 17029K, committed 17472K, reserved 1048576K
}
Event: 31.817 GC heap before
{Heap before GC invocations=34 (full 0):
 garbage-first heap   total 290816K, used 277051K [0x0000000080000000, 0x0000000100000000)
  region size 1024K, 97 young (99328K), 2 survivors (2048K)
 Metaspace       used 127766K, committed 128704K, reserved 1179648K
  class space    used 18288K, committed 18752K, reserved 1048576K
}
Event: 31.824 GC heap after
{Heap after GC invocations=35 (full 0):
 garbage-first heap   total 290816K, used 121539K [0x0000000080000000, 0x0000000100000000)
  region size 1024K, 5 young (5120K), 5 survivors (5120K)
 Metaspace       used 127766K, committed 128704K, reserved 1179648K
  class space    used 18288K, committed 18752K, reserved 1048576K
}
Event: 163.570 GC heap before
{Heap before GC invocations=35 (full 0):
 garbage-first heap   total 290816K, used 238275K [0x0000000080000000, 0x0000000100000000)
  region size 1024K, 120 young (122880K), 5 survivors (5120K)
 Metaspace       used 128744K, committed 129728K, reserved 1179648K
  class space    used 18334K, committed 18816K, reserved 1048576K
}
Event: 163.579 GC heap after
{Heap after GC invocations=36 (full 0):
 garbage-first heap   total 290816K, used 122352K [0x0000000080000000, 0x0000000100000000)
  region size 1024K, 6 young (6144K), 6 survivors (6144K)
 Metaspace       used 128744K, committed 129728K, reserved 1179648K
  class space    used 18334K, committed 18816K, reserved 1048576K
}
Event: 165.465 GC heap before
{Heap before GC invocations=36 (full 0):
 garbage-first heap   total 290816K, used 221680K [0x0000000080000000, 0x0000000100000000)
  region size 1024K, 98 young (100352K), 6 survivors (6144K)
 Metaspace       used 129330K, committed 130368K, reserved 1179648K
  class space    used 18370K, committed 18880K, reserved 1048576K
}
Event: 165.486 GC heap after
{Heap after GC invocations=37 (full 0):
 garbage-first heap   total 290816K, used 139365K [0x0000000080000000, 0x0000000100000000)
  region size 1024K, 16 young (16384K), 16 survivors (16384K)
 Metaspace       used 129330K, committed 130368K, reserved 1179648K
  class space    used 18370K, committed 18880K, reserved 1048576K
}
Event: 165.511 GC heap before
{Heap before GC invocations=37 (full 0):
 garbage-first heap   total 290816K, used 155749K [0x0000000080000000, 0x0000000100000000)
  region size 1024K, 17 young (17408K), 16 survivors (16384K)
 Metaspace       used 129333K, committed 130368K, reserved 1179648K
  class space    used 18370K, committed 18880K, reserved 1048576K
}
Event: 165.531 GC heap after
{Heap after GC invocations=38 (full 0):
 garbage-first heap   total 290816K, used 156734K [0x0000000080000000, 0x0000000100000000)
  region size 1024K, 2 young (2048K), 2 survivors (2048K)
 Metaspace       used 129333K, committed 130368K, reserved 1179648K
  class space    used 18370K, committed 18880K, reserved 1048576K
}

